<?xml version="1.0" encoding="UTF-8"?>
<testng-results skipped="0" failed="0" ignored="0" total="1" passed="1">
  <reporter-output>
  </reporter-output>
  <suite name="Surefire suite" duration-ms="14194" started-at="2020-02-27T23:00:46 EST" finished-at="2020-02-27T23:01:00 EST">
    <groups>
    </groups>
    <test name="Surefire test" duration-ms="14194" started-at="2020-02-27T23:00:46 EST" finished-at="2020-02-27T23:01:00 EST">
      <class name="googleTest.GoogleSearchTest">
        <test-method status="PASS" signature="init()[pri:0, instance:googleTest.GoogleSearchTest@14bf9759]" name="init" is-config="true" duration-ms="7857" started-at="2020-02-27T23:00:46 EST" finished-at="2020-02-27T23:00:53 EST">
          <reporter-output>
          </reporter-output>
        </test-method> <!-- init -->
        <test-method status="PASS" signature="search()[pri:0, instance:googleTest.GoogleSearchTest@14bf9759]" name="search" duration-ms="6266" started-at="2020-02-27T23:00:53 EST" finished-at="2020-02-27T23:01:00 EST">
          <reporter-output>
          </reporter-output>
        </test-method> <!-- search -->
      </class> <!-- googleTest.GoogleSearchTest -->
    </test> <!-- Surefire test -->
  </suite> <!-- Surefire suite -->
</testng-results>
